Arguments: 
  /home/coder/.nvm/versions/node/v12.22.0/bin/node /mnt/c/Users/coder/AppData/Roaming/npm/node_modules/yarn/bin/yarn.js install

PATH: 
  /home/coder/.nvm/versions/node/v12.22.0/bin:/home/coder/.vscode-server/bin/1a5daa3a0231a0fbba4f14db7ec463cf99d7768e/bin/remote-cli:/usr/local/sbin:/usr/local/bin:/usr/sbin:/usr/bin:/sbin:/bin:/usr/games:/usr/local/games:/usr/lib/wsl/lib:/mnt/c/Program Files (x86)/VMware/VMware Player/bin/:/mnt/c/Python311/Scripts/:/mnt/c/Python311/:/mnt/c/Windows/system32:/mnt/c/Windows:/mnt/c/Windows/System32/Wbem:/mnt/c/Windows/System32/WindowsPowerShell/v1.0/:/mnt/c/Windows/System32/OpenSSH/:/mnt/c/ProgramData/chocolatey/bin:/mnt/c/Program Files/PuTTY/:/mnt/c/Program Files/Git/cmd:/mnt/c/Windows/system32/config/systemprofile/.dnx/bin:/mnt/c/Program Files/Microsoft DNX/Dnvm/:/mnt/c/Program Files/Microsoft SQL Server/120/Tools/Binn/:/mnt/c/Program Files/Microsoft SQL Server/130/Tools/Binn/:/mnt/c/Program Files (x86)/Microsoft Emulator Manager/1.0/:/mnt/c/Program Files (x86)/Windows Kits/10/Windows Performance Toolkit/:/mnt/c/Program Files/Microsoft SQL Server/150/Tools/Binn/:/mnt/c/Program Files/Microsoft SQL Server/Client SDK/ODBC/170/Tools/Binn/:/mnt/c/Program Files/dotnet/:/mnt/c/Users/coder/AppData/Roaming/nvm:/mnt/c/Program Files/nodejs:/mnt/c/Program Files/MySQL/MySQL Shell 8.1/bin/:/mnt/c/Users/coder/AppData/Local/Microsoft/WindowsApps:/mnt/c/Users/coder/AppData/Local/Programs/Microsoft VS Code/bin:/mnt/c/Users/coder/AppData/Roaming/npm:/mnt/c/Users/coder/.dotnet/tools:/mnt/c/Users/coder/AppData/Roaming/nvm:/mnt/c/Program Files/nodejs

Yarn version: 
  1.22.19

Node version: 
  12.22.0

Platform: 
  linux x64

Trace: 
  Error: getaddrinfo EAI_AGAIN registry.yarnpkg.com
      at GetAddrInfoReqWrap.onlookup [as oncomplete] (dns.js:66:26)

npm manifest: 
  {
    "name": "files_manager",
    "version": "1.0.0",
    "description": "",
    "main": "index.js",
    "scripts": {
      "lint": "./node_modules/.bin/eslint",
      "check-lint": "lint [0-9]*.js",
      "start-server": "nodemon --exec babel-node --presets @babel/preset-env ./server.js",
      "start-worker": "nodemon --exec babel-node --presets @babel/preset-env ./worker.js",
      "dev": "nodemon --exec babel-node --presets @babel/preset-env",
      "test": "./node_modules/.bin/mocha --require @babel/register --exit"
    },
    "author": "",
    "license": "ISC",
    "dependencies": {
      "bull": "^3.16.0",
      "chai-http": "^4.3.0",
      "express": "^4.17.1",
      "image-thumbnail": "^1.0.10",
      "mime-types": "^2.1.27",
      "mongodb": "^3.5.9",
      "redis": "^2.8.0",
      "sha1": "^1.1.1",
      "uuid": "^8.2.0"
    },
    "devDependencies": {
      "@babel/cli": "^7.8.0",
      "@babel/core": "^7.8.0",
      "@babel/node": "^7.8.0",
      "@babel/preset-env": "^7.8.2",
      "@babel/register": "^7.8.0",
      "chai": "^4.2.0",
      "chai-http": "^4.3.0",
      "mocha": "^6.2.2",
      "nodemon": "^2.0.2",
      "eslint": "^6.4.0",
      "eslint-config-airbnb-base": "^14.0.0",
      "eslint-plugin-import": "^2.18.2",
      "eslint-plugin-jest": "^22.17.0",
      "request": "^2.88.0",
      "sinon": "^7.5.0"
    }
  }

yarn manifest: 
  No manifest

Lockfile: 
  # THIS IS AN AUTOGENERATED FILE. DO NOT EDIT THIS FILE DIRECTLY.
  # yarn lockfile v1
